<?xml version="1.0" encoding="UTF-8"?>
<!-- Generated by org.testng.reporters.JUnitReportReporter -->
<testsuite skipped="0" hostname="IVC17-046" name="com.homeloans.testcases.TC_LoginTest_001" tests="1" failures="0" timestamp="22 Jun 2021 16:53:30 GMT" time="0.655" errors="0">
  <testcase name="loginTest" time="0.655" classname="com.homeloans.testcases.TC_LoginTest_001"/>
</testsuite> <!-- com.homeloans.testcases.TC_LoginTest_001 -->
