<?xml version="1.0" encoding="UTF-8"?>
<!-- Generated by org.testng.reporters.JUnitReportReporter -->
<testsuite skipped="0" hostname="IVC17-046" name="com.homeloans.test.TC_LoginTest_001" tests="1" failures="0" timestamp="21 Jun 2021 13:58:53 GMT" time="0.678" errors="0">
  <testcase name="loginTest" time="0.678" classname="com.homeloans.test.TC_LoginTest_001"/>
</testsuite> <!-- com.homeloans.test.TC_LoginTest_001 -->
